The system is: Linux - 3.11.2-1-ARCH - x86_64
Compiling the C compiler identification source file "CMakeCCompilerId.c" succeeded.
Compiler: /usr/bin/cc 
Build flags: 
Id flags: 

The output was:
0


Compilation of the C compiler identification source "CMakeCCompilerId.c" produced "a.out"

The C compiler identification is GNU, found in "/home/garapich/Dokumenty/Deeole/build/CMakeFiles/2.8.11.2/CompilerIdC/a.out"

Compiling the CXX compiler identification source file "CMakeCXXCompilerId.cpp" succeeded.
Compiler: /usr/bin/c++ 
Build flags: 
Id flags: 

The output was:
0


Compilation of the CXX compiler identification source "CMakeCXXCompilerId.cpp" produced "a.out"

The CXX compiler identification is GNU, found in "/home/garapich/Dokumenty/Deeole/build/CMakeFiles/2.8.11.2/CompilerIdCXX/a.out"

Determining if the C compiler works passed with the following output:
Change Dir: /home/garapich/Dokumenty/Deeole/build/CMakeFiles/CMakeTmp

Run Build Command:/usr/bin/make "cmTryCompileExec1396158466/fast"
/usr/bin/make -f CMakeFiles/cmTryCompileExec1396158466.dir/build.make CMakeFiles/cmTryCompileExec1396158466.dir/build
make[1]: Entering directory `/home/garapich/Dokumenty/Deeole/build/CMakeFiles/CMakeTmp'
/usr/bin/cmake -E cmake_progress_report /home/garapich/Dokumenty/Deeole/build/CMakeFiles/CMakeTmp/CMakeFiles 1
Building C object CMakeFiles/cmTryCompileExec1396158466.dir/testCCompiler.c.o
/usr/bin/cc    -o CMakeFiles/cmTryCompileExec1396158466.dir/testCCompiler.c.o   -c /home/garapich/Dokumenty/Deeole/build/CMakeFiles/CMakeTmp/testCCompiler.c
Linking C executable cmTryCompileExec1396158466
/usr/bin/cmake -E cmake_link_script CMakeFiles/cmTryCompileExec1396158466.dir/link.txt --verbose=1
/usr/bin/cc         CMakeFiles/cmTryCompileExec1396158466.dir/testCCompiler.c.o  -o cmTryCompileExec1396158466 -rdynamic 
make[1]: Leaving directory `/home/garapich/Dokumenty/Deeole/build/CMakeFiles/CMakeTmp'


Detecting C compiler ABI info compiled with the following output:
Change Dir: /home/garapich/Dokumenty/Deeole/build/CMakeFiles/CMakeTmp

Run Build Command:/usr/bin/make "cmTryCompileExec11439390/fast"
/usr/bin/make -f CMakeFiles/cmTryCompileExec11439390.dir/build.make CMakeFiles/cmTryCompileExec11439390.dir/build
make[1]: Entering directory `/home/garapich/Dokumenty/Deeole/build/CMakeFiles/CMakeTmp'
/usr/bin/cmake -E cmake_progress_report /home/garapich/Dokumenty/Deeole/build/CMakeFiles/CMakeTmp/CMakeFiles 1
Building C object CMakeFiles/cmTryCompileExec11439390.dir/CMakeCCompilerABI.c.o
/usr/bin/cc    -o CMakeFiles/cmTryCompileExec11439390.dir/CMakeCCompilerABI.c.o   -c /usr/share/cmake-2.8/Modules/CMakeCCompilerABI.c
Linking C executable cmTryCompileExec11439390
/usr/bin/cmake -E cmake_link_script CMakeFiles/cmTryCompileExec11439390.dir/link.txt --verbose=1
/usr/bin/cc       -v CMakeFiles/cmTryCompileExec11439390.dir/CMakeCCompilerABI.c.o  -o cmTryCompileExec11439390 -rdynamic  
Using built-in specs.
COLLECT_GCC=/usr/bin/cc
COLLECT_LTO_WRAPPER=/usr/lib/gcc/x86_64-unknown-linux-gnu/4.8.1/lto-wrapper
Target: x86_64-unknown-linux-gnu
Configured with: /build/gcc/src/gcc-4.8-20130725/configure --prefix=/usr --libdir=/usr/lib --libexecdir=/usr/lib --mandir=/usr/share/man --infodir=/usr/share/info --with-bugurl=https://bugs.archlinux.org/ --enable-languages=c,c++,ada,fortran,go,lto,objc,obj-c++ --enable-shared --enable-threads=posix --with-system-zlib --enable-__cxa_atexit --disable-libunwind-exceptions --enable-clocale=gnu --disable-libstdcxx-pch --enable-gnu-unique-object --enable-linker-build-id --enable-cloog-backend=isl --disable-cloog-version-check --enable-lto --enable-gold --enable-ld=default --enable-plugin --with-plugin-ld=ld.gold --with-linker-hash-style=gnu --disable-install-libiberty --disable-multilib --disable-libssp --disable-werror --enable-checking=release
Thread model: posix
gcc version 4.8.1 20130725 (prerelease) (GCC) 
COMPILER_PATH=/usr/lib/gcc/x86_64-unknown-linux-gnu/4.8.1/:/usr/lib/gcc/x86_64-unknown-linux-gnu/4.8.1/:/usr/lib/gcc/x86_64-unknown-linux-gnu/:/usr/lib/gcc/x86_64-unknown-linux-gnu/4.8.1/:/usr/lib/gcc/x86_64-unknown-linux-gnu/
LIBRARY_PATH=/usr/lib/gcc/x86_64-unknown-linux-gnu/4.8.1/:/usr/lib/gcc/x86_64-unknown-linux-gnu/4.8.1/../../../../lib/:/lib/../lib/:/usr/lib/../lib/:/usr/lib/gcc/x86_64-unknown-linux-gnu/4.8.1/../../../:/lib/:/usr/lib/
COLLECT_GCC_OPTIONS='-v' '-o' 'cmTryCompileExec11439390' '-rdynamic' '-mtune=generic' '-march=x86-64'
 /usr/lib/gcc/x86_64-unknown-linux-gnu/4.8.1/collect2 --build-id --eh-frame-hdr --hash-style=gnu -m elf_x86_64 -export-dynamic -dynamic-linker /lib64/ld-linux-x86-64.so.2 -o cmTryCompileExec11439390 /usr/lib/gcc/x86_64-unknown-linux-gnu/4.8.1/../../../../lib/crt1.o /usr/lib/gcc/x86_64-unknown-linux-gnu/4.8.1/../../../../lib/crti.o /usr/lib/gcc/x86_64-unknown-linux-gnu/4.8.1/crtbegin.o -L/usr/lib/gcc/x86_64-unknown-linux-gnu/4.8.1 -L/usr/lib/gcc/x86_64-unknown-linux-gnu/4.8.1/../../../../lib -L/lib/../lib -L/usr/lib/../lib -L/usr/lib/gcc/x86_64-unknown-linux-gnu/4.8.1/../../.. CMakeFiles/cmTryCompileExec11439390.dir/CMakeCCompilerABI.c.o -lgcc --as-needed -lgcc_s --no-as-needed -lc -lgcc --as-needed -lgcc_s --no-as-needed /usr/lib/gcc/x86_64-unknown-linux-gnu/4.8.1/crtend.o /usr/lib/gcc/x86_64-unknown-linux-gnu/4.8.1/../../../../lib/crtn.o
make[1]: Leaving directory `/home/garapich/Dokumenty/Deeole/build/CMakeFiles/CMakeTmp'


Parsed C implicit link information from above output:
  link line regex: [^( *|.*[/\])(ld|ld|collect2)[^/\]*( |$)]
  ignore line: [Change Dir: /home/garapich/Dokumenty/Deeole/build/CMakeFiles/CMakeTmp]
  ignore line: []
  ignore line: [Run Build Command:/usr/bin/make "cmTryCompileExec11439390/fast"]
  ignore line: [/usr/bin/make -f CMakeFiles/cmTryCompileExec11439390.dir/build.make CMakeFiles/cmTryCompileExec11439390.dir/build]
  ignore line: [make[1]: Entering directory `/home/garapich/Dokumenty/Deeole/build/CMakeFiles/CMakeTmp']
  ignore line: [/usr/bin/cmake -E cmake_progress_report /home/garapich/Dokumenty/Deeole/build/CMakeFiles/CMakeTmp/CMakeFiles 1]
  ignore line: [Building C object CMakeFiles/cmTryCompileExec11439390.dir/CMakeCCompilerABI.c.o]
  ignore line: [/usr/bin/cc    -o CMakeFiles/cmTryCompileExec11439390.dir/CMakeCCompilerABI.c.o   -c /usr/share/cmake-2.8/Modules/CMakeCCompilerABI.c]
  ignore line: [Linking C executable cmTryCompileExec11439390]
  ignore line: [/usr/bin/cmake -E cmake_link_script CMakeFiles/cmTryCompileExec11439390.dir/link.txt --verbose=1]
  ignore line: [/usr/bin/cc       -v CMakeFiles/cmTryCompileExec11439390.dir/CMakeCCompilerABI.c.o  -o cmTryCompileExec11439390 -rdynamic  ]
  ignore line: [Using built-in specs.]
  ignore line: [COLLECT_GCC=/usr/bin/cc]
  ignore line: [COLLECT_LTO_WRAPPER=/usr/lib/gcc/x86_64-unknown-linux-gnu/4.8.1/lto-wrapper]
  ignore line: [Target: x86_64-unknown-linux-gnu]
  ignore line: [Configured with: /build/gcc/src/gcc-4.8-20130725/configure --prefix=/usr --libdir=/usr/lib --libexecdir=/usr/lib --mandir=/usr/share/man --infodir=/usr/share/info --with-bugurl=https://bugs.archlinux.org/ --enable-languages=c,c++,ada,fortran,go,lto,objc,obj-c++ --enable-shared --enable-threads=posix --with-system-zlib --enable-__cxa_atexit --disable-libunwind-exceptions --enable-clocale=gnu --disable-libstdcxx-pch --enable-gnu-unique-object --enable-linker-build-id --enable-cloog-backend=isl --disable-cloog-version-check --enable-lto --enable-gold --enable-ld=default --enable-plugin --with-plugin-ld=ld.gold --with-linker-hash-style=gnu --disable-install-libiberty --disable-multilib --disable-libssp --disable-werror --enable-checking=release]
  ignore line: [Thread model: posix]
  ignore line: [gcc version 4.8.1 20130725 (prerelease) (GCC) ]
  ignore line: [COMPILER_PATH=/usr/lib/gcc/x86_64-unknown-linux-gnu/4.8.1/:/usr/lib/gcc/x86_64-unknown-linux-gnu/4.8.1/:/usr/lib/gcc/x86_64-unknown-linux-gnu/:/usr/lib/gcc/x86_64-unknown-linux-gnu/4.8.1/:/usr/lib/gcc/x86_64-unknown-linux-gnu/]
  ignore line: [LIBRARY_PATH=/usr/lib/gcc/x86_64-unknown-linux-gnu/4.8.1/:/usr/lib/gcc/x86_64-unknown-linux-gnu/4.8.1/../../../../lib/:/lib/../lib/:/usr/lib/../lib/:/usr/lib/gcc/x86_64-unknown-linux-gnu/4.8.1/../../../:/lib/:/usr/lib/]
  ignore line: [COLLECT_GCC_OPTIONS='-v' '-o' 'cmTryCompileExec11439390' '-rdynamic' '-mtune=generic' '-march=x86-64']
  link line: [ /usr/lib/gcc/x86_64-unknown-linux-gnu/4.8.1/collect2 --build-id --eh-frame-hdr --hash-style=gnu -m elf_x86_64 -export-dynamic -dynamic-linker /lib64/ld-linux-x86-64.so.2 -o cmTryCompileExec11439390 /usr/lib/gcc/x86_64-unknown-linux-gnu/4.8.1/../../../../lib/crt1.o /usr/lib/gcc/x86_64-unknown-linux-gnu/4.8.1/../../../../lib/crti.o /usr/lib/gcc/x86_64-unknown-linux-gnu/4.8.1/crtbegin.o -L/usr/lib/gcc/x86_64-unknown-linux-gnu/4.8.1 -L/usr/lib/gcc/x86_64-unknown-linux-gnu/4.8.1/../../../../lib -L/lib/../lib -L/usr/lib/../lib -L/usr/lib/gcc/x86_64-unknown-linux-gnu/4.8.1/../../.. CMakeFiles/cmTryCompileExec11439390.dir/CMakeCCompilerABI.c.o -lgcc --as-needed -lgcc_s --no-as-needed -lc -lgcc --as-needed -lgcc_s --no-as-needed /usr/lib/gcc/x86_64-unknown-linux-gnu/4.8.1/crtend.o /usr/lib/gcc/x86_64-unknown-linux-gnu/4.8.1/../../../../lib/crtn.o]
    arg [/usr/lib/gcc/x86_64-unknown-linux-gnu/4.8.1/collect2] ==> ignore
    arg [--build-id] ==> ignore
    arg [--eh-frame-hdr] ==> ignore
    arg [--hash-style=gnu] ==> ignore
    arg [-m] ==> ignore
    arg [elf_x86_64] ==> ignore
    arg [-export-dynamic] ==> ignore
    arg [-dynamic-linker] ==> ignore
    arg [/lib64/ld-linux-x86-64.so.2] ==> ignore
    arg [-o] ==> ignore
    arg [cmTryCompileExec11439390] ==> ignore
    arg [/usr/lib/gcc/x86_64-unknown-linux-gnu/4.8.1/../../../../lib/crt1.o] ==> ignore
    arg [/usr/lib/gcc/x86_64-unknown-linux-gnu/4.8.1/../../../../lib/crti.o] ==> ignore
    arg [/usr/lib/gcc/x86_64-unknown-linux-gnu/4.8.1/crtbegin.o] ==> ignore
    arg [-L/usr/lib/gcc/x86_64-unknown-linux-gnu/4.8.1] ==> dir [/usr/lib/gcc/x86_64-unknown-linux-gnu/4.8.1]
    arg [-L/usr/lib/gcc/x86_64-unknown-linux-gnu/4.8.1/../../../../lib] ==> dir [/usr/lib/gcc/x86_64-unknown-linux-gnu/4.8.1/../../../../lib]
    arg [-L/lib/../lib] ==> dir [/lib/../lib]
    arg [-L/usr/lib/../lib] ==> dir [/usr/lib/../lib]
    arg [-L/usr/lib/gcc/x86_64-unknown-linux-gnu/4.8.1/../../..] ==> dir [/usr/lib/gcc/x86_64-unknown-linux-gnu/4.8.1/../../..]
    arg [CMakeFiles/cmTryCompileExec11439390.dir/CMakeCCompilerABI.c.o] ==> ignore
    arg [-lgcc] ==> lib [gcc]
    arg [--as-needed] ==> ignore
    arg [-lgcc_s] ==> lib [gcc_s]
    arg [--no-as-needed] ==> ignore
    arg [-lc] ==> lib [c]
    arg [-lgcc] ==> lib [gcc]
    arg [--as-needed] ==> ignore
    arg [-lgcc_s] ==> lib [gcc_s]
    arg [--no-as-needed] ==> ignore
    arg [/usr/lib/gcc/x86_64-unknown-linux-gnu/4.8.1/crtend.o] ==> ignore
    arg [/usr/lib/gcc/x86_64-unknown-linux-gnu/4.8.1/../../../../lib/crtn.o] ==> ignore
  remove lib [gcc]
  remove lib [gcc_s]
  remove lib [gcc]
  remove lib [gcc_s]
  collapse library dir [/usr/lib/gcc/x86_64-unknown-linux-gnu/4.8.1] ==> [/usr/lib/gcc/x86_64-unknown-linux-gnu/4.8.1]
  collapse library dir [/usr/lib/gcc/x86_64-unknown-linux-gnu/4.8.1/../../../../lib] ==> [/usr/lib]
  collapse library dir [/lib/../lib] ==> [/lib]
  collapse library dir [/usr/lib/../lib] ==> [/usr/lib]
  collapse library dir [/usr/lib/gcc/x86_64-unknown-linux-gnu/4.8.1/../../..] ==> [/usr/lib]
  implicit libs: [c]
  implicit dirs: [/usr/lib/gcc/x86_64-unknown-linux-gnu/4.8.1;/usr/lib;/lib]
  implicit fwks: []


Determining if the CXX compiler works passed with the following output:
Change Dir: /home/garapich/Dokumenty/Deeole/build/CMakeFiles/CMakeTmp

Run Build Command:/usr/bin/make "cmTryCompileExec3471614777/fast"
/usr/bin/make -f CMakeFiles/cmTryCompileExec3471614777.dir/build.make CMakeFiles/cmTryCompileExec3471614777.dir/build
make[1]: Entering directory `/home/garapich/Dokumenty/Deeole/build/CMakeFiles/CMakeTmp'
/usr/bin/cmake -E cmake_progress_report /home/garapich/Dokumenty/Deeole/build/CMakeFiles/CMakeTmp/CMakeFiles 1
Building CXX object CMakeFiles/cmTryCompileExec3471614777.dir/testCXXCompiler.cxx.o
/usr/bin/c++     -o CMakeFiles/cmTryCompileExec3471614777.dir/testCXXCompiler.cxx.o -c /home/garapich/Dokumenty/Deeole/build/CMakeFiles/CMakeTmp/testCXXCompiler.cxx
Linking CXX executable cmTryCompileExec3471614777
/usr/bin/cmake -E cmake_link_script CMakeFiles/cmTryCompileExec3471614777.dir/link.txt --verbose=1
/usr/bin/c++          CMakeFiles/cmTryCompileExec3471614777.dir/testCXXCompiler.cxx.o  -o cmTryCompileExec3471614777 -rdynamic 
make[1]: Leaving directory `/home/garapich/Dokumenty/Deeole/build/CMakeFiles/CMakeTmp'


Detecting CXX compiler ABI info compiled with the following output:
Change Dir: /home/garapich/Dokumenty/Deeole/build/CMakeFiles/CMakeTmp

Run Build Command:/usr/bin/make "cmTryCompileExec636893723/fast"
/usr/bin/make -f CMakeFiles/cmTryCompileExec636893723.dir/build.make CMakeFiles/cmTryCompileExec636893723.dir/build
make[1]: Entering directory `/home/garapich/Dokumenty/Deeole/build/CMakeFiles/CMakeTmp'
/usr/bin/cmake -E cmake_progress_report /home/garapich/Dokumenty/Deeole/build/CMakeFiles/CMakeTmp/CMakeFiles 1
Building CXX object CMakeFiles/cmTryCompileExec636893723.dir/CMakeCXXCompilerABI.cpp.o
/usr/bin/c++     -o CMakeFiles/cmTryCompileExec636893723.dir/CMakeCXXCompilerABI.cpp.o -c /usr/share/cmake-2.8/Modules/CMakeCXXCompilerABI.cpp
Linking CXX executable cmTryCompileExec636893723
/usr/bin/cmake -E cmake_link_script CMakeFiles/cmTryCompileExec636893723.dir/link.txt --verbose=1
/usr/bin/c++        -v CMakeFiles/cmTryCompileExec636893723.dir/CMakeCXXCompilerABI.cpp.o  -o cmTryCompileExec636893723 -rdynamic  
Using built-in specs.
COLLECT_GCC=/usr/bin/c++
COLLECT_LTO_WRAPPER=/usr/lib/gcc/x86_64-unknown-linux-gnu/4.8.1/lto-wrapper
Target: x86_64-unknown-linux-gnu
Configured with: /build/gcc/src/gcc-4.8-20130725/configure --prefix=/usr --libdir=/usr/lib --libexecdir=/usr/lib --mandir=/usr/share/man --infodir=/usr/share/info --with-bugurl=https://bugs.archlinux.org/ --enable-languages=c,c++,ada,fortran,go,lto,objc,obj-c++ --enable-shared --enable-threads=posix --with-system-zlib --enable-__cxa_atexit --disable-libunwind-exceptions --enable-clocale=gnu --disable-libstdcxx-pch --enable-gnu-unique-object --enable-linker-build-id --enable-cloog-backend=isl --disable-cloog-version-check --enable-lto --enable-gold --enable-ld=default --enable-plugin --with-plugin-ld=ld.gold --with-linker-hash-style=gnu --disable-install-libiberty --disable-multilib --disable-libssp --disable-werror --enable-checking=release
Thread model: posix
gcc version 4.8.1 20130725 (prerelease) (GCC) 
COMPILER_PATH=/usr/lib/gcc/x86_64-unknown-linux-gnu/4.8.1/:/usr/lib/gcc/x86_64-unknown-linux-gnu/4.8.1/:/usr/lib/gcc/x86_64-unknown-linux-gnu/:/usr/lib/gcc/x86_64-unknown-linux-gnu/4.8.1/:/usr/lib/gcc/x86_64-unknown-linux-gnu/
LIBRARY_PATH=/usr/lib/gcc/x86_64-unknown-linux-gnu/4.8.1/:/usr/lib/gcc/x86_64-unknown-linux-gnu/4.8.1/../../../../lib/:/lib/../lib/:/usr/lib/../lib/:/usr/lib/gcc/x86_64-unknown-linux-gnu/4.8.1/../../../:/lib/:/usr/lib/
COLLECT_GCC_OPTIONS='-v' '-o' 'cmTryCompileExec636893723' '-rdynamic' '-shared-libgcc' '-mtune=generic' '-march=x86-64'
 /usr/lib/gcc/x86_64-unknown-linux-gnu/4.8.1/collect2 --build-id --eh-frame-hdr --hash-style=gnu -m elf_x86_64 -export-dynamic -dynamic-linker /lib64/ld-linux-x86-64.so.2 -o cmTryCompileExec636893723 /usr/lib/gcc/x86_64-unknown-linux-gnu/4.8.1/../../../../lib/crt1.o /usr/lib/gcc/x86_64-unknown-linux-gnu/4.8.1/../../../../lib/crti.o /usr/lib/gcc/x86_64-unknown-linux-gnu/4.8.1/crtbegin.o -L/usr/lib/gcc/x86_64-unknown-linux-gnu/4.8.1 -L/usr/lib/gcc/x86_64-unknown-linux-gnu/4.8.1/../../../../lib -L/lib/../lib -L/usr/lib/../lib -L/usr/lib/gcc/x86_64-unknown-linux-gnu/4.8.1/../../.. CMakeFiles/cmTryCompileExec636893723.dir/CMakeCXXCompilerABI.cpp.o -lstdc++ -lm -lgcc_s -lgcc -lc -lgcc_s -lgcc /usr/lib/gcc/x86_64-unknown-linux-gnu/4.8.1/crtend.o /usr/lib/gcc/x86_64-unknown-linux-gnu/4.8.1/../../../../lib/crtn.o
make[1]: Leaving directory `/home/garapich/Dokumenty/Deeole/build/CMakeFiles/CMakeTmp'


Parsed CXX implicit link information from above output:
  link line regex: [^( *|.*[/\])(ld|ld|collect2)[^/\]*( |$)]
  ignore line: [Change Dir: /home/garapich/Dokumenty/Deeole/build/CMakeFiles/CMakeTmp]
  ignore line: []
  ignore line: [Run Build Command:/usr/bin/make "cmTryCompileExec636893723/fast"]
  ignore line: [/usr/bin/make -f CMakeFiles/cmTryCompileExec636893723.dir/build.make CMakeFiles/cmTryCompileExec636893723.dir/build]
  ignore line: [make[1]: Entering directory `/home/garapich/Dokumenty/Deeole/build/CMakeFiles/CMakeTmp']
  ignore line: [/usr/bin/cmake -E cmake_progress_report /home/garapich/Dokumenty/Deeole/build/CMakeFiles/CMakeTmp/CMakeFiles 1]
  ignore line: [Building CXX object CMakeFiles/cmTryCompileExec636893723.dir/CMakeCXXCompilerABI.cpp.o]
  ignore line: [/usr/bin/c++     -o CMakeFiles/cmTryCompileExec636893723.dir/CMakeCXXCompilerABI.cpp.o -c /usr/share/cmake-2.8/Modules/CMakeCXXCompilerABI.cpp]
  ignore line: [Linking CXX executable cmTryCompileExec636893723]
  ignore line: [/usr/bin/cmake -E cmake_link_script CMakeFiles/cmTryCompileExec636893723.dir/link.txt --verbose=1]
  ignore line: [/usr/bin/c++        -v CMakeFiles/cmTryCompileExec636893723.dir/CMakeCXXCompilerABI.cpp.o  -o cmTryCompileExec636893723 -rdynamic  ]
  ignore line: [Using built-in specs.]
  ignore line: [COLLECT_GCC=/usr/bin/c++]
  ignore line: [COLLECT_LTO_WRAPPER=/usr/lib/gcc/x86_64-unknown-linux-gnu/4.8.1/lto-wrapper]
  ignore line: [Target: x86_64-unknown-linux-gnu]
  ignore line: [Configured with: /build/gcc/src/gcc-4.8-20130725/configure --prefix=/usr --libdir=/usr/lib --libexecdir=/usr/lib --mandir=/usr/share/man --infodir=/usr/share/info --with-bugurl=https://bugs.archlinux.org/ --enable-languages=c,c++,ada,fortran,go,lto,objc,obj-c++ --enable-shared --enable-threads=posix --with-system-zlib --enable-__cxa_atexit --disable-libunwind-exceptions --enable-clocale=gnu --disable-libstdcxx-pch --enable-gnu-unique-object --enable-linker-build-id --enable-cloog-backend=isl --disable-cloog-version-check --enable-lto --enable-gold --enable-ld=default --enable-plugin --with-plugin-ld=ld.gold --with-linker-hash-style=gnu --disable-install-libiberty --disable-multilib --disable-libssp --disable-werror --enable-checking=release]
  ignore line: [Thread model: posix]
  ignore line: [gcc version 4.8.1 20130725 (prerelease) (GCC) ]
  ignore line: [COMPILER_PATH=/usr/lib/gcc/x86_64-unknown-linux-gnu/4.8.1/:/usr/lib/gcc/x86_64-unknown-linux-gnu/4.8.1/:/usr/lib/gcc/x86_64-unknown-linux-gnu/:/usr/lib/gcc/x86_64-unknown-linux-gnu/4.8.1/:/usr/lib/gcc/x86_64-unknown-linux-gnu/]
  ignore line: [LIBRARY_PATH=/usr/lib/gcc/x86_64-unknown-linux-gnu/4.8.1/:/usr/lib/gcc/x86_64-unknown-linux-gnu/4.8.1/../../../../lib/:/lib/../lib/:/usr/lib/../lib/:/usr/lib/gcc/x86_64-unknown-linux-gnu/4.8.1/../../../:/lib/:/usr/lib/]
  ignore line: [COLLECT_GCC_OPTIONS='-v' '-o' 'cmTryCompileExec636893723' '-rdynamic' '-shared-libgcc' '-mtune=generic' '-march=x86-64']
  link line: [ /usr/lib/gcc/x86_64-unknown-linux-gnu/4.8.1/collect2 --build-id --eh-frame-hdr --hash-style=gnu -m elf_x86_64 -export-dynamic -dynamic-linker /lib64/ld-linux-x86-64.so.2 -o cmTryCompileExec636893723 /usr/lib/gcc/x86_64-unknown-linux-gnu/4.8.1/../../../../lib/crt1.o /usr/lib/gcc/x86_64-unknown-linux-gnu/4.8.1/../../../../lib/crti.o /usr/lib/gcc/x86_64-unknown-linux-gnu/4.8.1/crtbegin.o -L/usr/lib/gcc/x86_64-unknown-linux-gnu/4.8.1 -L/usr/lib/gcc/x86_64-unknown-linux-gnu/4.8.1/../../../../lib -L/lib/../lib -L/usr/lib/../lib -L/usr/lib/gcc/x86_64-unknown-linux-gnu/4.8.1/../../.. CMakeFiles/cmTryCompileExec636893723.dir/CMakeCXXCompilerABI.cpp.o -lstdc++ -lm -lgcc_s -lgcc -lc -lgcc_s -lgcc /usr/lib/gcc/x86_64-unknown-linux-gnu/4.8.1/crtend.o /usr/lib/gcc/x86_64-unknown-linux-gnu/4.8.1/../../../../lib/crtn.o]
    arg [/usr/lib/gcc/x86_64-unknown-linux-gnu/4.8.1/collect2] ==> ignore
    arg [--build-id] ==> ignore
    arg [--eh-frame-hdr] ==> ignore
    arg [--hash-style=gnu] ==> ignore
    arg [-m] ==> ignore
    arg [elf_x86_64] ==> ignore
    arg [-export-dynamic] ==> ignore
    arg [-dynamic-linker] ==> ignore
    arg [/lib64/ld-linux-x86-64.so.2] ==> ignore
    arg [-o] ==> ignore
    arg [cmTryCompileExec636893723] ==> ignore
    arg [/usr/lib/gcc/x86_64-unknown-linux-gnu/4.8.1/../../../../lib/crt1.o] ==> ignore
    arg [/usr/lib/gcc/x86_64-unknown-linux-gnu/4.8.1/../../../../lib/crti.o] ==> ignore
    arg [/usr/lib/gcc/x86_64-unknown-linux-gnu/4.8.1/crtbegin.o] ==> ignore
    arg [-L/usr/lib/gcc/x86_64-unknown-linux-gnu/4.8.1] ==> dir [/usr/lib/gcc/x86_64-unknown-linux-gnu/4.8.1]
    arg [-L/usr/lib/gcc/x86_64-unknown-linux-gnu/4.8.1/../../../../lib] ==> dir [/usr/lib/gcc/x86_64-unknown-linux-gnu/4.8.1/../../../../lib]
    arg [-L/lib/../lib] ==> dir [/lib/../lib]
    arg [-L/usr/lib/../lib] ==> dir [/usr/lib/../lib]
    arg [-L/usr/lib/gcc/x86_64-unknown-linux-gnu/4.8.1/../../..] ==> dir [/usr/lib/gcc/x86_64-unknown-linux-gnu/4.8.1/../../..]
    arg [CMakeFiles/cmTryCompileExec636893723.dir/CMakeCXXCompilerABI.cpp.o] ==> ignore
    arg [-lstdc++] ==> lib [stdc++]
    arg [-lm] ==> lib [m]
    arg [-lgcc_s] ==> lib [gcc_s]
    arg [-lgcc] ==> lib [gcc]
    arg [-lc] ==> lib [c]
    arg [-lgcc_s] ==> lib [gcc_s]
    arg [-lgcc] ==> lib [gcc]
    arg [/usr/lib/gcc/x86_64-unknown-linux-gnu/4.8.1/crtend.o] ==> ignore
    arg [/usr/lib/gcc/x86_64-unknown-linux-gnu/4.8.1/../../../../lib/crtn.o] ==> ignore
  remove lib [gcc_s]
  remove lib [gcc]
  remove lib [gcc_s]
  remove lib [gcc]
  collapse library dir [/usr/lib/gcc/x86_64-unknown-linux-gnu/4.8.1] ==> [/usr/lib/gcc/x86_64-unknown-linux-gnu/4.8.1]
  collapse library dir [/usr/lib/gcc/x86_64-unknown-linux-gnu/4.8.1/../../../../lib] ==> [/usr/lib]
  collapse library dir [/lib/../lib] ==> [/lib]
  collapse library dir [/usr/lib/../lib] ==> [/usr/lib]
  collapse library dir [/usr/lib/gcc/x86_64-unknown-linux-gnu/4.8.1/../../..] ==> [/usr/lib]
  implicit libs: [stdc++;m;c]
  implicit dirs: [/usr/lib/gcc/x86_64-unknown-linux-gnu/4.8.1;/usr/lib;/lib]
  implicit fwks: []


Determining if the function XOpenDisplay exists in the /usr/lib64/libX11.so;/usr/lib64/libXext.so passed with the following output:
Change Dir: /home/garapich/Dokumenty/Deeole/build/CMakeFiles/CMakeTmp

Run Build Command:/usr/bin/make "cmTryCompileExec2511670787/fast"
/usr/bin/make -f CMakeFiles/cmTryCompileExec2511670787.dir/build.make CMakeFiles/cmTryCompileExec2511670787.dir/build
make[1]: Entering directory `/home/garapich/Dokumenty/Deeole/build/CMakeFiles/CMakeTmp'
/usr/bin/cmake -E cmake_progress_report /home/garapich/Dokumenty/Deeole/build/CMakeFiles/CMakeTmp/CMakeFiles 1
Building C object CMakeFiles/cmTryCompileExec2511670787.dir/CheckFunctionExists.c.o
/usr/bin/cc   -DCHECK_FUNCTION_EXISTS=XOpenDisplay   -o CMakeFiles/cmTryCompileExec2511670787.dir/CheckFunctionExists.c.o   -c /usr/share/cmake-2.8/Modules/CheckFunctionExists.c
Linking C executable cmTryCompileExec2511670787
/usr/bin/cmake -E cmake_link_script CMakeFiles/cmTryCompileExec2511670787.dir/link.txt --verbose=1
/usr/bin/cc     -DCHECK_FUNCTION_EXISTS=XOpenDisplay    CMakeFiles/cmTryCompileExec2511670787.dir/CheckFunctionExists.c.o  -o cmTryCompileExec2511670787 -rdynamic -lX11 -lXext 
make[1]: Leaving directory `/home/garapich/Dokumenty/Deeole/build/CMakeFiles/CMakeTmp'


Determining if the function gethostbyname exists passed with the following output:
Change Dir: /home/garapich/Dokumenty/Deeole/build/CMakeFiles/CMakeTmp

Run Build Command:/usr/bin/make "cmTryCompileExec2707207318/fast"
/usr/bin/make -f CMakeFiles/cmTryCompileExec2707207318.dir/build.make CMakeFiles/cmTryCompileExec2707207318.dir/build
make[1]: Entering directory `/home/garapich/Dokumenty/Deeole/build/CMakeFiles/CMakeTmp'
/usr/bin/cmake -E cmake_progress_report /home/garapich/Dokumenty/Deeole/build/CMakeFiles/CMakeTmp/CMakeFiles 1
Building C object CMakeFiles/cmTryCompileExec2707207318.dir/CheckFunctionExists.c.o
/usr/bin/cc   -DCHECK_FUNCTION_EXISTS=gethostbyname   -o CMakeFiles/cmTryCompileExec2707207318.dir/CheckFunctionExists.c.o   -c /usr/share/cmake-2.8/Modules/CheckFunctionExists.c
Linking C executable cmTryCompileExec2707207318
/usr/bin/cmake -E cmake_link_script CMakeFiles/cmTryCompileExec2707207318.dir/link.txt --verbose=1
/usr/bin/cc     -DCHECK_FUNCTION_EXISTS=gethostbyname    CMakeFiles/cmTryCompileExec2707207318.dir/CheckFunctionExists.c.o  -o cmTryCompileExec2707207318 -rdynamic 
make[1]: Leaving directory `/home/garapich/Dokumenty/Deeole/build/CMakeFiles/CMakeTmp'


Determining if the function connect exists passed with the following output:
Change Dir: /home/garapich/Dokumenty/Deeole/build/CMakeFiles/CMakeTmp

Run Build Command:/usr/bin/make "cmTryCompileExec234153260/fast"
/usr/bin/make -f CMakeFiles/cmTryCompileExec234153260.dir/build.make CMakeFiles/cmTryCompileExec234153260.dir/build
make[1]: Entering directory `/home/garapich/Dokumenty/Deeole/build/CMakeFiles/CMakeTmp'
/usr/bin/cmake -E cmake_progress_report /home/garapich/Dokumenty/Deeole/build/CMakeFiles/CMakeTmp/CMakeFiles 1
Building C object CMakeFiles/cmTryCompileExec234153260.dir/CheckFunctionExists.c.o
/usr/bin/cc   -DCHECK_FUNCTION_EXISTS=connect   -o CMakeFiles/cmTryCompileExec234153260.dir/CheckFunctionExists.c.o   -c /usr/share/cmake-2.8/Modules/CheckFunctionExists.c
Linking C executable cmTryCompileExec234153260
/usr/bin/cmake -E cmake_link_script CMakeFiles/cmTryCompileExec234153260.dir/link.txt --verbose=1
/usr/bin/cc     -DCHECK_FUNCTION_EXISTS=connect    CMakeFiles/cmTryCompileExec234153260.dir/CheckFunctionExists.c.o  -o cmTryCompileExec234153260 -rdynamic 
make[1]: Leaving directory `/home/garapich/Dokumenty/Deeole/build/CMakeFiles/CMakeTmp'


Determining if the function remove exists passed with the following output:
Change Dir: /home/garapich/Dokumenty/Deeole/build/CMakeFiles/CMakeTmp

Run Build Command:/usr/bin/make "cmTryCompileExec3281839230/fast"
/usr/bin/make -f CMakeFiles/cmTryCompileExec3281839230.dir/build.make CMakeFiles/cmTryCompileExec3281839230.dir/build
make[1]: Entering directory `/home/garapich/Dokumenty/Deeole/build/CMakeFiles/CMakeTmp'
/usr/bin/cmake -E cmake_progress_report /home/garapich/Dokumenty/Deeole/build/CMakeFiles/CMakeTmp/CMakeFiles 1
Building C object CMakeFiles/cmTryCompileExec3281839230.dir/CheckFunctionExists.c.o
/usr/bin/cc   -DCHECK_FUNCTION_EXISTS=remove   -o CMakeFiles/cmTryCompileExec3281839230.dir/CheckFunctionExists.c.o   -c /usr/share/cmake-2.8/Modules/CheckFunctionExists.c
Linking C executable cmTryCompileExec3281839230
/usr/bin/cmake -E cmake_link_script CMakeFiles/cmTryCompileExec3281839230.dir/link.txt --verbose=1
/usr/bin/cc     -DCHECK_FUNCTION_EXISTS=remove    CMakeFiles/cmTryCompileExec3281839230.dir/CheckFunctionExists.c.o  -o cmTryCompileExec3281839230 -rdynamic 
make[1]: Leaving directory `/home/garapich/Dokumenty/Deeole/build/CMakeFiles/CMakeTmp'


Determining if the function shmat exists passed with the following output:
Change Dir: /home/garapich/Dokumenty/Deeole/build/CMakeFiles/CMakeTmp

Run Build Command:/usr/bin/make "cmTryCompileExec817901859/fast"
/usr/bin/make -f CMakeFiles/cmTryCompileExec817901859.dir/build.make CMakeFiles/cmTryCompileExec817901859.dir/build
make[1]: Entering directory `/home/garapich/Dokumenty/Deeole/build/CMakeFiles/CMakeTmp'
/usr/bin/cmake -E cmake_progress_report /home/garapich/Dokumenty/Deeole/build/CMakeFiles/CMakeTmp/CMakeFiles 1
Building C object CMakeFiles/cmTryCompileExec817901859.dir/CheckFunctionExists.c.o
/usr/bin/cc   -DCHECK_FUNCTION_EXISTS=shmat   -o CMakeFiles/cmTryCompileExec817901859.dir/CheckFunctionExists.c.o   -c /usr/share/cmake-2.8/Modules/CheckFunctionExists.c
Linking C executable cmTryCompileExec817901859
/usr/bin/cmake -E cmake_link_script CMakeFiles/cmTryCompileExec817901859.dir/link.txt --verbose=1
/usr/bin/cc     -DCHECK_FUNCTION_EXISTS=shmat    CMakeFiles/cmTryCompileExec817901859.dir/CheckFunctionExists.c.o  -o cmTryCompileExec817901859 -rdynamic 
make[1]: Leaving directory `/home/garapich/Dokumenty/Deeole/build/CMakeFiles/CMakeTmp'


Determining if the function IceConnectionNumber exists in the ICE passed with the following output:
Change Dir: /home/garapich/Dokumenty/Deeole/build/CMakeFiles/CMakeTmp

Run Build Command:/usr/bin/make "cmTryCompileExec825127211/fast"
/usr/bin/make -f CMakeFiles/cmTryCompileExec825127211.dir/build.make CMakeFiles/cmTryCompileExec825127211.dir/build
make[1]: Entering directory `/home/garapich/Dokumenty/Deeole/build/CMakeFiles/CMakeTmp'
/usr/bin/cmake -E cmake_progress_report /home/garapich/Dokumenty/Deeole/build/CMakeFiles/CMakeTmp/CMakeFiles 1
Building C object CMakeFiles/cmTryCompileExec825127211.dir/CheckFunctionExists.c.o
/usr/bin/cc   -DCHECK_FUNCTION_EXISTS=IceConnectionNumber   -o CMakeFiles/cmTryCompileExec825127211.dir/CheckFunctionExists.c.o   -c /usr/share/cmake-2.8/Modules/CheckFunctionExists.c
Linking C executable cmTryCompileExec825127211
/usr/bin/cmake -E cmake_link_script CMakeFiles/cmTryCompileExec825127211.dir/link.txt --verbose=1
/usr/bin/cc     -DCHECK_FUNCTION_EXISTS=IceConnectionNumber    CMakeFiles/cmTryCompileExec825127211.dir/CheckFunctionExists.c.o  -o cmTryCompileExec825127211 -rdynamic -lICE 
make[1]: Leaving directory `/home/garapich/Dokumenty/Deeole/build/CMakeFiles/CMakeTmp'


